[ERROR 2020-05-18 15:40:34]This is error
[ERROR 2020-05-18 15:41:15]This is error
[ERROR 2020-05-19 16:40:18]邮件发送失败，请检查邮件配置
[ERROR 2020-05-19 16:50:30]邮件发送失败，请检查邮件配置
[ERROR 2020-05-19 16:54:17]邮件发送失败，请检查邮件配置
[ERROR 2020-05-20 15:28:29]邮件发送失败，请检查邮件配置
[ERROR 2020-05-21 10:49:13]邮件发送失败，请检查邮件配置
[ERROR 2020-05-21 11:10:00]邮件发送失败，请检查邮件配置
[ERROR 2020-05-21 17:30:26]获取参数失败
[ERROR 2020-05-25 16:06:52]获取参数失败
[ERROR 2020-05-25 16:06:58]邮件发送失败，请检查邮件配置
[ERROR 2020-05-25 16:11:38]获取参数失败
[ERROR 2020-05-25 16:11:41]邮件发送失败，请检查邮件配置
[ERROR 2020-05-25 16:29:25]获取参数失败
[ERROR 2020-05-25 16:29:27]邮件发送失败，请检查邮件配置
[ERROR 2020-05-25 17:17:12]邮件发送失败，请检查邮件配置
[ERROR 2020-05-25 17:20:07]获取参数失败
[ERROR 2020-05-25 17:20:09]邮件发送失败，请检查邮件配置
[ERROR 2020-05-25 17:29:11]邮件发送失败，请检查邮件配置
[ERROR 2020-05-25 17:34:33]邮件发送失败，请检查邮件配置
[ERROR 2020-05-27 10:03:29]获取参数失败
[ERROR 2020-05-27 10:03:38]获取参数失败
[ERROR 2020-05-27 10:03:39]邮件发送失败，请检查邮件配置
[ERROR 2020-05-27 10:35:19]邮件发送失败，请检查邮件配置
[ERROR 2020-05-27 10:40:55]邮件发送失败，请检查邮件配置
[ERROR 2020-05-27 11:24:53]Response body msg != expected_msg, expected_msg is 继续操作前请注册或者登录., body_msg is code:0
[ERROR 2020-05-27 11:25:05]邮件发送失败，请检查邮件配置
[ERROR 2020-05-27 11:40:07]邮件发送失败，请检查邮件配置
[ERROR 2020-05-27 11:41:54]Response body Does not contain expected_msg, expected_msg is code:0
[ERROR 2020-05-27 11:41:55]邮件发送失败，请检查邮件配置
[ERROR 2020-05-27 13:58:56]Response body Does not contain expected_msg, expected_msg is code:0
[ERROR 2020-05-27 13:58:58]邮件发送失败，请检查邮件配置
[ERROR 2020-05-27 14:04:32]Response body Does not contain expected_msg, expected_msg is code': 0
[ERROR 2020-05-27 14:08:34]Response body Does not contain expected_msg, expected_msg is code': 0
[ERROR 2020-05-27 14:09:00]邮件发送失败，请检查邮件配置
[ERROR 2020-05-27 14:13:09]Response time > expected_time, expected_time is 100, time is 223.698
[ERROR 2020-05-27 14:13:10]邮件发送失败，请检查邮件配置
[ERROR 2020-05-27 14:19:59]邮件发送失败，请检查邮件配置
[ERROR 2020-05-27 14:30:31]邮件发送失败，请检查邮件配置
[ERROR 2020-05-27 14:43:21]This is error
[ERROR 2020-06-03 15:19:27]Response body Does not contain expected_msg, expected_msg is code":1
[ERROR 2020-06-03 15:25:57]Response body Does not contain expected_msg, expected_msg is code":0
[ERROR 2020-06-03 15:25:57]Response body Does not contain expected_msg, expected_msg is code":0
[ERROR 2020-06-03 15:25:58]Response body Does not contain expected_msg, expected_msg is code":0
[ERROR 2020-06-03 15:25:58]Response body Does not contain expected_msg, expected_msg is code":0
[ERROR 2020-06-03 15:27:47]Response body Does not contain expected_msg, expected_msg is code":0
[ERROR 2020-06-03 15:27:47]Response body Does not contain expected_msg, expected_msg is code":0
[ERROR 2020-06-03 15:27:47]Response body Does not contain expected_msg, expected_msg is code":0
[ERROR 2020-06-03 15:27:47]Response body Does not contain expected_msg, expected_msg is code":0
[ERROR 2020-06-03 15:30:07]Response body Does not contain expected_msg, expected_msg is code":917
[ERROR 2020-06-03 15:34:09]Response body Does not contain expected_msg, expected_msg is code":0
[ERROR 2020-06-10 18:06:40]Response body Does not contain expected_msg, expected_msg is 验证码已过期
[ERROR 2020-06-10 18:06:40]Response body Does not contain expected_msg, expected_msg is 验证码已过期
[ERROR 2020-06-10 18:06:40]Response body Does not contain expected_msg, expected_msg is 验证码已过期
[ERROR 2020-06-10 18:06:41]Response body Does not contain expected_msg, expected_msg is 登录成功
[ERROR 2020-06-10 18:11:27]Response body Does not contain expected_msg, expected_msg is 验证码已过期
[ERROR 2020-06-10 18:11:27]Response body Does not contain expected_msg, expected_msg is 验证码已过期
[ERROR 2020-06-10 18:11:27]Response body Does not contain expected_msg, expected_msg is 验证码已过期
[ERROR 2020-06-10 18:11:28]Response body Does not contain expected_msg, expected_msg is 登录成功
[ERROR 2020-06-10 18:14:35]Response body Does not contain expected_msg, expected_msg is code": 0
[ERROR 2020-06-10 18:14:36]Response body Does not contain expected_msg, expected_msg is 验证码一分钟内不能重复获取
[ERROR 2020-06-10 18:14:36]Response body Does not contain expected_msg, expected_msg is 验证码已过期
[ERROR 2020-06-10 18:14:36]Response body Does not contain expected_msg, expected_msg is 验证码已过期
[ERROR 2020-06-10 18:14:37]Response body Does not contain expected_msg, expected_msg is 登录成功
[ERROR 2020-06-10 18:38:28]Response body Does not contain expected_msg, expected_msg is 验证码一分钟内不能重复获取
[ERROR 2020-06-10 18:41:23]Response body Does not contain expected_msg, expected_msg is 验证码已过期
[ERROR 2020-06-10 18:41:23]Response body Does not contain expected_msg, expected_msg is 验证码已过期
[ERROR 2020-06-10 18:41:24]Response body Does not contain expected_msg, expected_msg is 登录成功
[ERROR 2020-06-10 19:12:25]Response body Does not contain expected_msg, expected_msg is 验证码已过期
[ERROR 2020-06-10 19:14:44]Response body Does not contain expected_msg, expected_msg is 验证码已过期
[ERROR 2020-06-10 19:14:45]Response body Does not contain expected_msg, expected_msg is 验证码已过期
[ERROR 2020-06-10 20:57:50]Response body Does not contain expected_msg, expected_msg is 验证码已过期
[ERROR 2020-06-10 20:57:50]Response body Does not contain expected_msg, expected_msg is 登录成功
[ERROR 2020-06-10 20:58:37]Response body Does not contain expected_msg, expected_msg is 验证码已过期
[ERROR 2020-06-10 21:01:54]Response body Does not contain expected_msg, expected_msg is 登录成功
[ERROR 2020-06-10 21:09:40]Response body Does not contain expected_msg, expected_msg is 系统异常
[ERROR 2020-06-10 21:09:41]Response body Does not contain expected_msg, expected_msg is 验证码不正确
[ERROR 2020-06-10 21:09:48]Response body Does not contain expected_msg, expected_msg is 登录成功
[ERROR 2020-06-10 21:10:40]Response body Does not contain expected_msg, expected_msg is 系统异常
[ERROR 2020-06-10 21:10:40]Response body Does not contain expected_msg, expected_msg is 验证码不正确
[ERROR 2020-06-10 21:10:41]Response body Does not contain expected_msg, expected_msg is 登录成功
[ERROR 2020-06-10 21:12:51]Response body Does not contain expected_msg, expected_msg is 系统异常
[ERROR 2020-06-10 21:16:45]Response body Does not contain expected_msg, expected_msg is 登录成功
[ERROR 2020-06-11 09:53:16]This is error
[ERROR 2020-06-11 10:05:52]Response body Does not contain expected_msg, expected_msg is accessToken':
[ERROR 2020-06-11 11:02:26]Response body Does not contain expected_msg, expected_msg is code": 0
[ERROR 2020-06-11 11:02:26]Response body Does not contain expected_msg, expected_msg is 验证码一分钟内不能重复获取
[ERROR 2020-06-11 16:29:21]Response body Does not contain expected_msg, expected_msg is accessToken
[ERROR 2020-06-11 16:35:47]Response body Does not contain expected_msg, expected_msg is code": 0
[ERROR 2020-06-11 16:35:48]Response body Does not contain expected_msg, expected_msg is 验证码一分钟内不能重复获取
[ERROR 2020-06-11 16:35:48]Response body Does not contain expected_msg, expected_msg is 验证码不正确
[ERROR 2020-06-11 16:35:49]Response body Does not contain expected_msg, expected_msg is accessToken
[ERROR 2020-06-11 16:38:51]Response body Does not contain expected_msg, expected_msg is 验证码不正确
[ERROR 2020-06-11 17:39:12]Response time > expected_time, expected_time is 800, time is 904.18
[ERROR 2020-06-15 14:01:45]执行用例失败，请检查环境配置
[ERROR 2020-06-15 14:05:17]执行用例失败，请检查环境配置
[ERROR 2020-07-07 17:29:35]Response body Does not contain expected_msg, expected_msg is code":0
[ERROR 2020-07-07 17:29:36]Response body Does not contain expected_msg, expected_msg is accessToken
[ERROR 2020-07-07 17:33:57]Response body Does not contain expected_msg, expected_msg is accessToken
[ERROR 2020-07-08 17:06:32]Response body Does not contain expected_msg, expected_msg is accessToken
[ERROR 2020-07-08 17:25:21]Response body Does not contain expected_msg, expected_msg is accessToken
[ERROR 2020-07-08 17:31:08]Response body Does not contain expected_msg, expected_msg is code": 0
[ERROR 2020-07-08 17:31:09]Response body Does not contain expected_msg, expected_msg is accessToken
[ERROR 2020-07-09 21:16:14]Response body Does not contain expected_msg, expected_msg is 用户ID参数为空
[ERROR 2020-07-09 21:39:50]Response body Does not contain expected_msg, expected_msg is 用户ID参数为空
[ERROR 2020-07-09 21:41:25]Response body Does not contain expected_msg, expected_msg is 用户ID参数为空
[ERROR 2020-07-09 21:42:33]Response body Does not contain expected_msg, expected_msg is code': 0
[ERROR 2020-07-10 09:42:10]Response body Does not contain expected_msg, expected_msg is select IFNULL(mhr.id_family_house,'check is error') from user u LEFT JOIN member_house_relationship mhr ON u.id = mhr.id_user 
where u.mobile={0} AND mhr.is_default='Y' AND mhr.is_valid='Y'format(c::tester_debug)
[ERROR 2020-07-10 11:44:31]Response body Does not contain expected_msg, expected_msg is code": 0
[ERROR 2020-07-10 11:44:31]Response body Does not contain expected_msg, expected_msg is code": 0
[ERROR 2020-07-10 11:50:49]Response body Does not contain expected_msg, expected_msg is code": 0
[ERROR 2020-07-10 11:50:55]Response body Does not contain expected_msg, expected_msg is code": 0
[ERROR 2020-07-10 12:06:30]Response body Does not contain expected_msg, expected_msg is 用户ID参数为空
[ERROR 2020-07-10 12:06:32]Response body Does not contain expected_msg, expected_msg is 用户ID参数为空
[ERROR 2020-07-10 12:43:31]Response body Does not contain expected_msg, expected_msg is 用户ID参数为空
[ERROR 2020-07-10 12:43:33]Response body Does not contain expected_msg, expected_msg is 用户ID参数为空
[ERROR 2020-07-10 12:46:56]Response body Does not contain expected_msg, expected_msg is totalCount":0
[ERROR 2020-07-10 12:46:58]Response body Does not contain expected_msg, expected_msg is totalCount":0
[ERROR 2020-07-20 14:03:51]Response body Does not contain expected_msg, expected_msg is e2c090afead5817871558fd585bc2c01
[ERROR 2020-07-20 14:06:15]Response body Does not contain expected_msg, expected_msg is e2c090afead5817871558fd585bc2c01
[ERROR 2020-07-20 14:13:39]Response body Does not contain expected_msg, expected_msg is e2c090afead5817871558fd585bc2c01
[ERROR 2020-07-20 14:20:43]Response body Does not contain expected_msg, expected_msg is 请求参数错误
[ERROR 2020-07-20 14:20:43]Response body Does not contain expected_msg, expected_msg is 手机号不能为空
[ERROR 2020-07-20 14:20:43]get param fail
[ERROR 2020-07-20 14:20:43]Response body Does not contain expected_msg, expected_msg is 验证码一分钟内不能重复获取
[ERROR 2020-07-20 14:20:55]Response body Does not contain expected_msg, expected_msg is e2c090afead5817871558fd585bc2c01
[ERROR 2020-07-20 14:39:53]Response body Does not contain expected_msg, expected_msg is isSupport":"
[ERROR 2020-08-13 10:12:58]Response body Does not contain expected_msg, expected_msg is status": 200
[ERROR 2020-08-13 10:24:31]Response body Does not contain expected_msg, expected_msg is status": 200
[ERROR 2020-08-18 15:42:18]statusCode error, expected_code is 200, statusCode is 502 
[ERROR 2020-08-18 15:53:18]Response body Does not contain expected_msg, expected_msg is 请求参数错误
[ERROR 2020-08-18 15:53:18]Response body Does not contain expected_msg, expected_msg is 手机号不能为空
[ERROR 2020-08-18 15:53:18]get param fail
[ERROR 2020-08-18 15:53:19]Response body Does not contain expected_msg, expected_msg is 验证码一分钟内不能重复获取
[ERROR 2020-08-18 17:03:29]Response body Does not contain expected_msg, expected_msg is 请求参数错误
[ERROR 2020-08-18 17:03:30]Response body Does not contain expected_msg, expected_msg is 手机号不能为空
[ERROR 2020-08-18 17:03:30]get param fail
[ERROR 2020-08-18 17:03:30]Response body Does not contain expected_msg, expected_msg is 验证码一分钟内不能重复获取
[ERROR 2020-08-18 17:06:10]Response body Does not contain expected_msg, expected_msg is 请求参数错误
[ERROR 2020-08-18 17:06:10]Response body Does not contain expected_msg, expected_msg is 手机号不能为空
[ERROR 2020-08-18 17:06:10]get param fail
[ERROR 2020-08-18 17:06:11]Response body Does not contain expected_msg, expected_msg is 验证码一分钟内不能重复获取
[ERROR 2020-08-25 14:48:08]Response body Does not contain expected_msg, expected_msg is 请求参数错误
[ERROR 2020-08-25 14:48:09]Response body Does not contain expected_msg, expected_msg is 手机号不能为空
[ERROR 2020-08-25 14:48:09]get param fail
[ERROR 2020-08-25 14:48:09]Response body Does not contain expected_msg, expected_msg is 验证码一分钟内不能重复获取
[ERROR 2020-08-25 15:34:12]Response body Does not contain expected_msg, expected_msg is code": 1
[ERROR 2020-08-25 16:35:10]Response body Does not contain expected_msg, expected_msg is 15828022852
[ERROR 2020-08-25 16:36:38]Response body Does not contain expected_msg, expected_msg is 15828022852
[ERROR 2020-08-25 17:27:28]Response body Does not contain expected_msg, expected_msg is 15828022852
[ERROR 2020-08-26 09:26:57]Response body Does not contain expected_msg, expected_msg is 请求参数错误
[ERROR 2020-08-26 09:26:58]Response body Does not contain expected_msg, expected_msg is 手机号不能为空
[ERROR 2020-08-26 09:26:58]get param fail
[ERROR 2020-08-26 09:26:59]Response body Does not contain expected_msg, expected_msg is 验证码一分钟内不能重复获取
[ERROR 2020-08-26 09:28:13]statusCode error, expected_code is 200, statusCode is 504 
[ERROR 2020-08-26 09:37:34]Response body Does not contain expected_msg, expected_msg is 请求参数错误
[ERROR 2020-08-26 09:37:35]Response body Does not contain expected_msg, expected_msg is 手机号不能为空
[ERROR 2020-08-26 09:37:35]get param fail
[ERROR 2020-08-26 09:37:35]Response body Does not contain expected_msg, expected_msg is 验证码一分钟内不能重复获取
[ERROR 2020-08-26 09:42:04]Response body Does not contain expected_msg, expected_msg is 请求参数错误
[ERROR 2020-08-26 09:42:05]Response body Does not contain expected_msg, expected_msg is 手机号不能为空
[ERROR 2020-08-26 09:42:05]get param fail
[ERROR 2020-08-26 09:42:05]Response body Does not contain expected_msg, expected_msg is 验证码一分钟内不能重复获取
[ERROR 2020-08-26 09:52:44]Response body Does not contain expected_msg, expected_msg is 请求参数错误
[ERROR 2020-08-26 09:52:45]Response body Does not contain expected_msg, expected_msg is 手机号不能为空
[ERROR 2020-08-26 09:52:45]get param fail
[ERROR 2020-08-26 09:52:45]Response body Does not contain expected_msg, expected_msg is 验证码一分钟内不能重复获取
[ERROR 2020-08-28 15:59:36]Response body Does not contain expected_msg, expected_msg is 请求参数错误
[ERROR 2020-08-28 15:59:36]Response body Does not contain expected_msg, expected_msg is 手机号不能为空
[ERROR 2020-08-28 15:59:37]get param fail
[ERROR 2020-08-28 15:59:37]Response body Does not contain expected_msg, expected_msg is 验证码一分钟内不能重复获取
[ERROR 2020-08-28 15:59:51]Response body Does not contain expected_msg, expected_msg is isSupport": "Y
[ERROR 2020-08-28 16:45:58]Response body Does not contain expected_msg, expected_msg is 请求参数错误
[ERROR 2020-08-28 16:45:59]Response body Does not contain expected_msg, expected_msg is 手机号不能为空
[ERROR 2020-08-28 16:45:59]get param fail
[ERROR 2020-08-28 16:45:59]Response body Does not contain expected_msg, expected_msg is 验证码一分钟内不能重复获取
[ERROR 2020-09-04 17:16:37]Response body Does not contain expected_msg, expected_msg is code": 0
[ERROR 2020-09-04 17:19:44]Response body Does not contain expected_msg, expected_msg is code": 0
[ERROR 2020-09-04 17:20:04]Response body Does not contain expected_msg, expected_msg is code": 0
[ERROR 2020-09-08 09:37:08]Response body Does not contain expected_msg, expected_msg is 请求参数错误
[ERROR 2020-09-08 09:37:08]Response body Does not contain expected_msg, expected_msg is 手机号不能为空
[ERROR 2020-09-08 09:37:09]get param fail
[ERROR 2020-09-08 09:37:09]Response body Does not contain expected_msg, expected_msg is 验证码一分钟内不能重复获取
[ERROR 2020-09-08 09:37:15]Response body Does not contain expected_msg, expected_msg is code": 0
[ERROR 2020-09-08 09:37:21]Response body Does not contain expected_msg, expected_msg is isSupport": "Y
[ERROR 2020-09-08 16:56:34]Response body Does not contain expected_msg, expected_msg is code": 0
[ERROR 2020-09-08 17:00:03]Response body Does not contain expected_msg, expected_msg is code": 0
[ERROR 2020-09-10 09:50:03]Response body Does not contain expected_msg, expected_msg is code": 0
[ERROR 2020-09-10 16:43:17]Response body Does not contain expected_msg, expected_msg is 请求参数错误
[ERROR 2020-09-10 16:43:17]Response body Does not contain expected_msg, expected_msg is 手机号不能为空
[ERROR 2020-09-10 16:43:18]get param fail
[ERROR 2020-09-10 16:43:18]Response body Does not contain expected_msg, expected_msg is 验证码一分钟内不能重复获取
[ERROR 2020-09-10 17:07:41]Response body Does not contain expected_msg, expected_msg is 请求参数错误
[ERROR 2020-09-10 17:07:41]Response body Does not contain expected_msg, expected_msg is 手机号不能为空
[ERROR 2020-09-10 17:07:42]get param fail
[ERROR 2020-09-10 17:07:42]Response body Does not contain expected_msg, expected_msg is 验证码一分钟内不能重复获取
[ERROR 2020-09-10 17:13:21]Response body Does not contain expected_msg, expected_msg is 请求参数错误
[ERROR 2020-09-10 17:13:22]Response body Does not contain expected_msg, expected_msg is 手机号不能为空
[ERROR 2020-09-10 17:13:22]get param fail
[ERROR 2020-09-10 17:13:22]Response body Does not contain expected_msg, expected_msg is 验证码一分钟内不能重复获取
[ERROR 2020-09-10 17:13:28]Response body Does not contain expected_msg, expected_msg is 用户ID参数为空
[ERROR 2020-09-10 17:16:20]Response body Does not contain expected_msg, expected_msg is 请求参数错误
[ERROR 2020-09-10 17:16:20]Response body Does not contain expected_msg, expected_msg is 手机号不能为空
[ERROR 2020-09-10 17:16:20]get param fail
[ERROR 2020-09-10 17:16:20]Response body Does not contain expected_msg, expected_msg is 验证码一分钟内不能重复获取
[ERROR 2020-09-16 10:15:43]Response body Does not contain expected_msg, expected_msg is 请求参数错误
[ERROR 2020-09-16 10:15:43]Response body Does not contain expected_msg, expected_msg is 手机号不能为空
[ERROR 2020-09-16 10:15:44]get param fail
[ERROR 2020-09-16 10:15:44]Response body Does not contain expected_msg, expected_msg is 验证码一分钟内不能重复获取
[ERROR 2020-09-16 10:38:05]Response body Does not contain expected_msg, expected_msg is 请求参数错误
[ERROR 2020-09-16 10:38:05]Response body Does not contain expected_msg, expected_msg is 手机号不能为空
[ERROR 2020-09-16 10:38:05]get param fail
[ERROR 2020-09-16 10:38:05]Response body Does not contain expected_msg, expected_msg is 验证码一分钟内不能重复获取
[ERROR 2020-09-16 10:43:54]Response body Does not contain expected_msg, expected_msg is 请求参数错误
[ERROR 2020-09-16 10:43:54]Response body Does not contain expected_msg, expected_msg is 手机号不能为空
[ERROR 2020-09-16 10:43:55]get param fail
[ERROR 2020-09-16 10:43:55]Response body Does not contain expected_msg, expected_msg is 验证码一分钟内不能重复获取
[ERROR 2020-09-16 11:19:35]Response body Does not contain expected_msg, expected_msg is 请求参数错误
[ERROR 2020-09-16 11:19:35]Response body Does not contain expected_msg, expected_msg is 手机号不能为空
[ERROR 2020-09-16 11:19:35]get param fail
[ERROR 2020-09-16 11:19:35]Response body Does not contain expected_msg, expected_msg is 验证码一分钟内不能重复获取
[ERROR 2020-09-16 11:28:29]Response body Does not contain expected_msg, expected_msg is 请求参数错误
[ERROR 2020-09-16 11:28:29]Response body Does not contain expected_msg, expected_msg is 手机号不能为空
[ERROR 2020-09-16 11:28:30]get param fail
[ERROR 2020-09-16 11:28:30]Response body Does not contain expected_msg, expected_msg is 验证码一分钟内不能重复获取
[ERROR 2020-09-16 11:37:05]Response body Does not contain expected_msg, expected_msg is 请求参数错误
[ERROR 2020-09-16 11:37:06]Response body Does not contain expected_msg, expected_msg is 手机号不能为空
[ERROR 2020-09-16 11:37:06]get param fail
[ERROR 2020-09-16 11:37:06]Response body Does not contain expected_msg, expected_msg is 验证码一分钟内不能重复获取
[ERROR 2020-09-16 11:38:04]Response body Does not contain expected_msg, expected_msg is 请求参数错误
[ERROR 2020-09-16 11:38:04]Response body Does not contain expected_msg, expected_msg is 手机号不能为空
[ERROR 2020-09-16 11:38:05]get param fail
[ERROR 2020-09-16 11:38:05]Response body Does not contain expected_msg, expected_msg is 验证码一分钟内不能重复获取
[ERROR 2020-09-16 11:42:42]Response body Does not contain expected_msg, expected_msg is 请求参数错误
[ERROR 2020-09-16 11:42:42]Response body Does not contain expected_msg, expected_msg is 手机号不能为空
[ERROR 2020-09-16 11:42:42]get param fail
[ERROR 2020-09-16 11:42:42]Response body Does not contain expected_msg, expected_msg is 验证码一分钟内不能重复获取
[ERROR 2020-09-16 17:03:16]Response body Does not contain expected_msg, expected_msg is 请求参数错误
[ERROR 2020-09-16 17:03:16]Response body Does not contain expected_msg, expected_msg is 手机号不能为空
[ERROR 2020-09-16 17:03:16]get param fail
[ERROR 2020-09-16 17:03:16]Response body Does not contain expected_msg, expected_msg is 验证码一分钟内不能重复获取
[ERROR 2020-09-16 17:06:45]Response body Does not contain expected_msg, expected_msg is 请求参数错误
[ERROR 2020-09-16 17:06:46]Response body Does not contain expected_msg, expected_msg is 手机号不能为空
[ERROR 2020-09-16 17:06:46]get param fail
[ERROR 2020-09-16 17:06:46]Response body Does not contain expected_msg, expected_msg is 验证码一分钟内不能重复获取
[ERROR 2020-09-16 17:06:58]Response body Does not contain expected_msg, expected_msg is code": 0
[ERROR 2020-09-16 17:06:59]Response body Does not contain expected_msg, expected_msg is code": 0
[ERROR 2020-09-16 17:07:00]Response body Does not contain expected_msg, expected_msg is isSupport": "Y
[ERROR 2020-09-16 17:09:09]Response body Does not contain expected_msg, expected_msg is 请求参数错误
[ERROR 2020-09-16 17:09:09]Response body Does not contain expected_msg, expected_msg is 手机号不能为空
[ERROR 2020-09-16 17:09:09]get param fail
[ERROR 2020-09-16 17:09:09]Response body Does not contain expected_msg, expected_msg is 验证码一分钟内不能重复获取
[ERROR 2020-09-17 10:40:30]Response body Does not contain expected_msg, expected_msg is 请求参数错误
[ERROR 2020-09-17 10:40:30]Response body Does not contain expected_msg, expected_msg is 手机号不能为空
[ERROR 2020-09-17 10:40:30]get param fail
[ERROR 2020-09-17 10:40:30]Response body Does not contain expected_msg, expected_msg is 验证码一分钟内不能重复获取
[ERROR 2020-09-17 10:52:01]Response body Does not contain expected_msg, expected_msg is 请求参数错误
[ERROR 2020-09-17 10:52:02]Response body Does not contain expected_msg, expected_msg is 手机号不能为空
[ERROR 2020-09-17 10:52:02]get param fail
[ERROR 2020-09-17 10:52:03]Response body Does not contain expected_msg, expected_msg is 验证码一分钟内不能重复获取
[ERROR 2020-09-17 11:16:01]Response body Does not contain expected_msg, expected_msg is 请求参数错误
[ERROR 2020-09-17 11:16:01]Response body Does not contain expected_msg, expected_msg is 手机号不能为空
[ERROR 2020-09-17 11:16:01]get param fail
[ERROR 2020-09-17 11:16:02]Response body Does not contain expected_msg, expected_msg is 验证码一分钟内不能重复获取
[ERROR 2020-09-17 13:59:46]Response body Does not contain expected_msg, expected_msg is 请求参数错误
[ERROR 2020-09-17 13:59:47]Response body Does not contain expected_msg, expected_msg is 手机号不能为空
[ERROR 2020-09-17 13:59:47]get param fail
[ERROR 2020-09-17 13:59:47]Response body Does not contain expected_msg, expected_msg is 验证码一分钟内不能重复获取
[ERROR 2020-09-17 14:13:30]Response body Does not contain expected_msg, expected_msg is 请求参数错误
[ERROR 2020-09-17 14:13:30]Response body Does not contain expected_msg, expected_msg is 手机号不能为空
[ERROR 2020-09-17 14:13:30]get param fail
[ERROR 2020-09-17 14:13:30]Response body Does not contain expected_msg, expected_msg is 验证码一分钟内不能重复获取
[ERROR 2020-09-17 15:00:23]Response body Does not contain expected_msg, expected_msg is 请求参数错误
[ERROR 2020-09-17 15:00:23]Response body Does not contain expected_msg, expected_msg is 手机号不能为空
[ERROR 2020-09-17 15:00:23]get param fail
[ERROR 2020-09-17 15:00:24]Response body Does not contain expected_msg, expected_msg is 验证码一分钟内不能重复获取
[ERROR 2020-09-17 17:03:55]Response body Does not contain expected_msg, expected_msg is 请求参数错误
[ERROR 2020-09-17 17:03:56]Response body Does not contain expected_msg, expected_msg is 手机号不能为空
[ERROR 2020-09-17 17:03:56]get param fail
[ERROR 2020-09-17 17:03:56]Response body Does not contain expected_msg, expected_msg is 验证码一分钟内不能重复获取
[ERROR 2020-09-17 17:23:51]Response body Does not contain expected_msg, expected_msg is 请求参数错误
[ERROR 2020-09-17 17:23:51]Response body Does not contain expected_msg, expected_msg is 手机号不能为空
[ERROR 2020-09-17 17:23:51]get param fail
[ERROR 2020-09-17 17:23:52]Response body Does not contain expected_msg, expected_msg is 验证码一分钟内不能重复获取
[ERROR 2020-09-17 17:37:03]Response body Does not contain expected_msg, expected_msg is 请求参数错误
[ERROR 2020-09-17 17:37:03]Response body Does not contain expected_msg, expected_msg is 手机号不能为空
[ERROR 2020-09-17 17:37:03]get param fail
[ERROR 2020-09-17 17:37:03]Response body Does not contain expected_msg, expected_msg is 验证码一分钟内不能重复获取
[ERROR 2020-09-18 09:31:19]Response body Does not contain expected_msg, expected_msg is 请求参数错误
[ERROR 2020-09-18 09:31:19]Response body Does not contain expected_msg, expected_msg is 手机号不能为空
[ERROR 2020-09-18 09:31:20]get param fail
[ERROR 2020-09-18 09:31:20]Response body Does not contain expected_msg, expected_msg is 验证码一分钟内不能重复获取
[ERROR 2020-09-18 13:41:09]Response body Does not contain expected_msg, expected_msg is 请求参数错误
[ERROR 2020-09-18 13:41:09]Response body Does not contain expected_msg, expected_msg is 手机号不能为空
[ERROR 2020-09-18 13:41:09]get param fail
[ERROR 2020-09-18 13:41:10]Response body Does not contain expected_msg, expected_msg is 验证码一分钟内不能重复获取
[ERROR 2020-09-18 13:43:46]Response body Does not contain expected_msg, expected_msg is 请求参数错误
[ERROR 2020-09-18 13:43:46]Response body Does not contain expected_msg, expected_msg is 手机号不能为空
[ERROR 2020-09-18 13:43:47]get param fail
[ERROR 2020-09-18 13:43:47]Response body Does not contain expected_msg, expected_msg is 验证码一分钟内不能重复获取
[ERROR 2020-09-18 15:50:38]Response body Does not contain expected_msg, expected_msg is 请求参数错误
[ERROR 2020-09-18 15:50:38]Response body Does not contain expected_msg, expected_msg is 手机号不能为空
[ERROR 2020-09-18 15:50:39]get param fail
[ERROR 2020-09-18 15:50:39]Response body Does not contain expected_msg, expected_msg is 验证码一分钟内不能重复获取
[ERROR 2020-09-18 15:57:21]Response body Does not contain expected_msg, expected_msg is 请求参数错误
[ERROR 2020-09-18 15:57:21]Response body Does not contain expected_msg, expected_msg is 手机号不能为空
[ERROR 2020-09-18 15:57:22]get param fail
[ERROR 2020-09-18 15:57:22]Response body Does not contain expected_msg, expected_msg is 验证码一分钟内不能重复获取
[ERROR 2020-09-18 16:00:02]Response body Does not contain expected_msg, expected_msg is 请求参数错误
[ERROR 2020-09-18 16:00:02]Response body Does not contain expected_msg, expected_msg is 手机号不能为空
[ERROR 2020-09-18 16:00:02]get param fail
[ERROR 2020-09-18 16:00:03]Response body Does not contain expected_msg, expected_msg is 验证码一分钟内不能重复获取
[ERROR 2020-09-18 16:01:16]Response body Does not contain expected_msg, expected_msg is 请求参数错误
[ERROR 2020-09-18 16:01:16]Response body Does not contain expected_msg, expected_msg is 手机号不能为空
[ERROR 2020-09-18 16:01:16]get param fail
[ERROR 2020-09-18 16:01:17]Response body Does not contain expected_msg, expected_msg is 验证码一分钟内不能重复获取
[ERROR 2020-09-18 16:04:00]Response body Does not contain expected_msg, expected_msg is 请求参数错误
[ERROR 2020-09-18 16:04:00]Response body Does not contain expected_msg, expected_msg is 手机号不能为空
[ERROR 2020-09-18 16:04:00]get param fail
[ERROR 2020-09-18 16:04:00]Response body Does not contain expected_msg, expected_msg is 验证码一分钟内不能重复获取
[ERROR 2020-09-18 16:07:20]Response body Does not contain expected_msg, expected_msg is 请求参数错误
[ERROR 2020-09-18 16:07:21]Response body Does not contain expected_msg, expected_msg is 手机号不能为空
[ERROR 2020-09-18 16:07:21]get param fail
[ERROR 2020-09-18 16:07:21]Response body Does not contain expected_msg, expected_msg is 验证码一分钟内不能重复获取
[ERROR 2020-09-18 16:09:06]Response body Does not contain expected_msg, expected_msg is 请求参数错误
[ERROR 2020-09-18 16:09:07]Response body Does not contain expected_msg, expected_msg is 手机号不能为空
[ERROR 2020-09-18 16:09:07]get param fail
[ERROR 2020-09-18 16:09:07]Response body Does not contain expected_msg, expected_msg is 验证码一分钟内不能重复获取
[ERROR 2020-09-18 16:12:06]Response body Does not contain expected_msg, expected_msg is 请求参数错误
[ERROR 2020-09-18 16:12:06]Response body Does not contain expected_msg, expected_msg is 手机号不能为空
[ERROR 2020-09-18 16:12:06]get param fail
[ERROR 2020-09-18 16:12:06]Response body Does not contain expected_msg, expected_msg is 验证码一分钟内不能重复获取
[ERROR 2020-09-18 16:24:51]Response body Does not contain expected_msg, expected_msg is 请求参数错误
[ERROR 2020-09-18 16:24:52]Response body Does not contain expected_msg, expected_msg is 手机号不能为空
[ERROR 2020-09-18 16:24:52]get param fail
[ERROR 2020-09-18 16:24:52]Response body Does not contain expected_msg, expected_msg is 验证码一分钟内不能重复获取
[ERROR 2020-09-24 11:19:28]Response body Does not contain expected_msg, expected_msg is bannerUrl
[ERROR 2020-09-24 11:19:28]Response body Does not contain expected_msg, expected_msg is bannerUrl
[ERROR 2020-09-24 11:19:28]Response body Does not contain expected_msg, expected_msg is bannerUrl
[ERROR 2020-09-24 11:20:40]Response body Does not contain expected_msg, expected_msg is bannerUrl
[ERROR 2020-09-24 11:20:41]Response body Does not contain expected_msg, expected_msg is bannerUrl
[ERROR 2020-09-24 11:20:41]Response body Does not contain expected_msg, expected_msg is bannerUrl
[ERROR 2020-09-24 11:30:45]Response body Does not contain expected_msg, expected_msg is bannerUrl
[ERROR 2020-09-24 13:32:22]Response body Does not contain expected_msg, expected_msg is data': [
[ERROR 2020-09-24 13:33:34]Response body Does not contain expected_msg, expected_msg is data': [
[ERROR 2020-09-24 13:35:54]Response body Does not contain expected_msg, expected_msg is data': [
[ERROR 2020-09-24 17:04:29]Response body Does not contain expected_msg, expected_msg is 用户ID不能为空
[ERROR 2020-09-24 17:04:30]Response body Does not contain expected_msg, expected_msg is 用户ID不能为空
[ERROR 2020-09-24 17:04:58]Response body Does not contain expected_msg, expected_msg is 用户ID不能为空
[ERROR 2020-09-24 17:04:59]Response body Does not contain expected_msg, expected_msg is 用户ID不能为空
[ERROR 2020-09-24 17:06:25]Response body Does not contain expected_msg, expected_msg is 用户ID参数为空
[ERROR 2020-09-24 17:13:36]Response body Does not contain expected_msg, expected_msg is data': [
[ERROR 2020-09-25 10:59:47]Response body Does not contain expected_msg, expected_msg is 手机号不能为空
[ERROR 2020-09-25 10:59:47]Response body Does not contain expected_msg, expected_msg is 验证码不能为空
[ERROR 2020-09-25 10:59:48]Response body Does not contain expected_msg, expected_msg is 验证码不正确
[ERROR 2020-09-25 10:59:48]get param fail
[ERROR 2020-09-25 11:03:22]Response body Does not contain expected_msg, expected_msg is SELECT IFNULL(t.topic_title,'query data is error') FROM topic t WHERE t.is_valid = 'Y' ORDER BY t.create_time DESC LIMIT 1
[ERROR 2020-09-25 11:03:23]Response body Does not contain expected_msg, expected_msg is SELECT IFNULL(t.topic_title,'query data is error') FROM topic t WHERE t.is_valid = 'Y' ORDER BY t.create_time DESC LIMIT 1
[ERROR 2020-09-25 11:06:09]Response body Does not contain expected_msg, expected_msg is SELECT IFNULL(t.topic_title,'query data is error') FROM topic t WHERE t.is_valid = 'Y' ORDER BY t.create_time DESC LIMIT 1
[ERROR 2020-09-25 11:06:09]Response body Does not contain expected_msg, expected_msg is SELECT IFNULL(t.topic_title,'query data is error') FROM topic t WHERE t.is_valid = 'Y' ORDER BY t.create_time DESC LIMIT 1
[ERROR 2020-09-25 17:18:28]Response body Does not contain expected_msg, expected_msg is cart_count": 0
[ERROR 2020-09-25 17:19:10]Response body Does not contain expected_msg, expected_msg is cart_count": 0
[ERROR 2020-09-25 17:23:40]Response body Does not contain expected_msg, expected_msg is cart_count": 0
[ERROR 2020-09-25 17:23:40]Response body Does not contain expected_msg, expected_msg is cart_count": 0
[ERROR 2020-09-25 17:30:02]Response body Does not contain expected_msg, expected_msg is cart_count": 0
[ERROR 2020-09-25 20:10:52]Response body Does not contain expected_msg, expected_msg is 158
[ERROR 2020-09-25 21:25:08]Response body Does not contain expected_msg, expected_msg is code": 0
[ERROR 2020-09-25 21:28:27]Response body Does not contain expected_msg, expected_msg is code": 0
[ERROR 2020-09-27 09:42:17]Response body Does not contain expected_msg, expected_msg is code": 0
[ERROR 2020-09-27 09:42:18]Response body Does not contain expected_msg, expected_msg is code": 0
[ERROR 2020-09-27 09:42:22]Response body Does not contain expected_msg, expected_msg is isSupport": "Y
[ERROR 2020-09-27 10:40:25]Response body Does not contain expected_msg, expected_msg is 用户ID参数为空
[ERROR 2020-09-27 10:46:59]Response body Does not contain expected_msg, expected_msg is 用户ID参数为空
[ERROR 2020-09-28 15:49:21]Response body Does not contain expected_msg, expected_msg is 15008499838
[ERROR 2020-09-28 15:50:25]Response body Does not contain expected_msg, expected_msg is code': 0
[ERROR 2020-09-28 16:58:52]statusCode error, expected_code is 200, statusCode is 404 
[ERROR 2020-09-28 17:00:27]Response body Does not contain expected_msg, expected_msg is 商城
[ERROR 2020-10-04 17:42:00]Response body Does not contain expected_msg, expected_msg is 15828022852
[ERROR 2020-10-04 17:42:00]Response body Does not contain expected_msg, expected_msg is 15828022852
[ERROR 2020-10-04 17:42:01]Response body Does not contain expected_msg, expected_msg is code": 0
[ERROR 2020-10-04 17:42:04]Response body Does not contain expected_msg, expected_msg is isSupport": "Y
[ERROR 2020-10-04 17:42:05]Response body Does not contain expected_msg, expected_msg is code": 0
[ERROR 2020-10-04 17:42:07]Response body Does not contain expected_msg, expected_msg is code": 0
[ERROR 2020-10-04 17:42:10]Response body Does not contain expected_msg, expected_msg is 成都
[ERROR 2020-10-04 17:42:10]Response body Does not contain expected_msg, expected_msg is 成都
[ERROR 2020-10-05 09:17:00]Response body Does not contain expected_msg, expected_msg is 15828022852
[ERROR 2020-10-05 09:17:01]Response body Does not contain expected_msg, expected_msg is 15828022852
[ERROR 2020-10-05 09:17:01]Response body Does not contain expected_msg, expected_msg is code": 0
[ERROR 2020-10-05 09:17:05]Response body Does not contain expected_msg, expected_msg is isSupport": "Y
[ERROR 2020-10-05 09:17:06]Response body Does not contain expected_msg, expected_msg is code": 0
[ERROR 2020-10-05 09:17:08]Response body Does not contain expected_msg, expected_msg is code": 0
[ERROR 2020-10-05 09:17:13]Response body Does not contain expected_msg, expected_msg is 成都
[ERROR 2020-10-05 09:17:13]Response body Does not contain expected_msg, expected_msg is 成都
[ERROR 2020-10-06 09:16:58]Response body Does not contain expected_msg, expected_msg is 15828022852
[ERROR 2020-10-06 09:16:59]Response body Does not contain expected_msg, expected_msg is 15828022852
[ERROR 2020-10-06 09:17:00]Response body Does not contain expected_msg, expected_msg is code": 0
[ERROR 2020-10-06 09:17:03]Response body Does not contain expected_msg, expected_msg is isSupport": "Y
[ERROR 2020-10-06 09:17:04]Response body Does not contain expected_msg, expected_msg is code": 0
[ERROR 2020-10-06 09:17:07]Response body Does not contain expected_msg, expected_msg is code": 0
[ERROR 2020-10-06 09:17:10]Response body Does not contain expected_msg, expected_msg is 成都
[ERROR 2020-10-06 09:17:10]Response body Does not contain expected_msg, expected_msg is 成都
[ERROR 2020-10-09 09:16:36]Response body Does not contain expected_msg, expected_msg is 15828022852
[ERROR 2020-10-09 09:16:38]Response body Does not contain expected_msg, expected_msg is 15828022852
[ERROR 2020-10-09 09:16:39]Response body Does not contain expected_msg, expected_msg is code": 0
[ERROR 2020-10-09 09:16:43]Response body Does not contain expected_msg, expected_msg is isSupport": "Y
[ERROR 2020-10-09 09:16:44]Response body Does not contain expected_msg, expected_msg is code": 0
[ERROR 2020-10-09 09:16:46]Response body Does not contain expected_msg, expected_msg is code": 0
[ERROR 2020-10-09 09:16:48]Response body Does not contain expected_msg, expected_msg is 成都
[ERROR 2020-10-09 09:16:48]Response body Does not contain expected_msg, expected_msg is 成都
[ERROR 2020-10-09 09:19:23]Response body Does not contain expected_msg, expected_msg is 15828022852
[ERROR 2020-10-09 09:19:24]Response body Does not contain expected_msg, expected_msg is 15828022852
[ERROR 2020-10-09 09:19:24]Response body Does not contain expected_msg, expected_msg is code": 0
[ERROR 2020-10-09 09:19:28]Response body Does not contain expected_msg, expected_msg is isSupport": "Y
[ERROR 2020-10-09 09:19:28]Response body Does not contain expected_msg, expected_msg is code": 0
[ERROR 2020-10-09 09:19:31]Response body Does not contain expected_msg, expected_msg is code": 0
[ERROR 2020-10-09 09:19:33]Response body Does not contain expected_msg, expected_msg is 成都
[ERROR 2020-10-09 09:19:34]Response body Does not contain expected_msg, expected_msg is 成都
[ERROR 2020-10-09 12:35:31]get param fail
[ERROR 2020-10-09 14:39:14]Response body Does not contain expected_msg, expected_msg is e8543fcb5045f487127fb38d4c26f694
[ERROR 2020-10-09 15:14:13]get param fail
[ERROR 2020-10-09 15:14:14]Response body Does not contain expected_msg, expected_msg is 15828022852
[ERROR 2020-10-09 15:14:15]Response body Does not contain expected_msg, expected_msg is 15828022852
[ERROR 2020-10-09 15:14:16]Response body Does not contain expected_msg, expected_msg is code": 0
[ERROR 2020-10-09 15:14:16]Response body Does not contain expected_msg, expected_msg is code": 0
[ERROR 2020-10-09 15:14:19]Response body Does not contain expected_msg, expected_msg is e8543fcb5045f487127fb38d4c26f694
[ERROR 2020-10-09 15:14:21]Response body Does not contain expected_msg, expected_msg is isSupport": "Y
[ERROR 2020-10-09 15:14:25]Response body Does not contain expected_msg, expected_msg is code": 0
[ERROR 2020-10-09 15:14:28]Response body Does not contain expected_msg, expected_msg is 成都
[ERROR 2020-10-09 15:14:29]Response body Does not contain expected_msg, expected_msg is 成都
[ERROR 2020-10-09 15:14:31]Response body Does not contain expected_msg, expected_msg is 游客02496364
[ERROR 2020-10-09 15:26:43]statusCode error, expected_code is 200, statusCode is 404 
[ERROR 2020-10-09 15:26:44]statusCode error, expected_code is 200, statusCode is 404 
[ERROR 2020-10-09 15:26:44]statusCode error, expected_code is 200, statusCode is 404 
[ERROR 2020-10-09 15:26:45]statusCode error, expected_code is 200, statusCode is 404 
[ERROR 2020-10-09 15:26:45]statusCode error, expected_code is 200, statusCode is 404 
[ERROR 2020-10-09 15:26:45]statusCode error, expected_code is 200, statusCode is 404 
[ERROR 2020-10-09 15:26:46]statusCode error, expected_code is 200, statusCode is 404 
[ERROR 2020-10-09 15:26:46]statusCode error, expected_code is 200, statusCode is 404 
[ERROR 2020-10-09 15:26:46]statusCode error, expected_code is 200, statusCode is 404 
[ERROR 2020-10-09 15:26:46]statusCode error, expected_code is 200, statusCode is 404 
[ERROR 2020-10-09 15:26:47]statusCode error, expected_code is 200, statusCode is 404 
[ERROR 2020-10-09 15:26:47]statusCode error, expected_code is 200, statusCode is 404 
[ERROR 2020-10-09 15:26:47]statusCode error, expected_code is 200, statusCode is 404 
[ERROR 2020-10-09 15:26:47]statusCode error, expected_code is 200, statusCode is 404 
[ERROR 2020-10-09 15:26:48]statusCode error, expected_code is 200, statusCode is 404 
[ERROR 2020-10-09 15:26:48]statusCode error, expected_code is 200, statusCode is 404 
[ERROR 2020-10-09 15:26:49]statusCode error, expected_code is 200, statusCode is 404 
[ERROR 2020-10-09 15:26:49]statusCode error, expected_code is 200, statusCode is 404 
[ERROR 2020-10-09 15:26:49]statusCode error, expected_code is 200, statusCode is 404 
[ERROR 2020-10-09 15:26:50]statusCode error, expected_code is 200, statusCode is 404 
[ERROR 2020-10-09 15:26:50]statusCode error, expected_code is 200, statusCode is 404 
[ERROR 2020-10-09 15:26:51]statusCode error, expected_code is 200, statusCode is 404 
[ERROR 2020-10-09 15:26:51]statusCode error, expected_code is 200, statusCode is 404 
[ERROR 2020-10-09 15:26:51]statusCode error, expected_code is 200, statusCode is 404 
[ERROR 2020-10-09 15:26:51]statusCode error, expected_code is 200, statusCode is 404 
[ERROR 2020-10-09 15:26:52]statusCode error, expected_code is 200, statusCode is 404 
[ERROR 2020-10-09 15:26:52]statusCode error, expected_code is 200, statusCode is 404 
[ERROR 2020-10-09 15:26:52]statusCode error, expected_code is 200, statusCode is 404 
[ERROR 2020-10-09 15:26:53]statusCode error, expected_code is 200, statusCode is 404 
[ERROR 2020-10-09 15:26:53]statusCode error, expected_code is 200, statusCode is 404 
[ERROR 2020-10-09 15:26:53]statusCode error, expected_code is 200, statusCode is 404 
[ERROR 2020-10-09 15:27:30]statusCode error, expected_code is 200, statusCode is 404 
[ERROR 2020-10-09 15:27:31]statusCode error, expected_code is 200, statusCode is 404 
[ERROR 2020-10-09 15:27:31]statusCode error, expected_code is 200, statusCode is 404 
[ERROR 2020-10-09 15:27:31]statusCode error, expected_code is 200, statusCode is 404 
[ERROR 2020-10-09 15:27:31]statusCode error, expected_code is 200, statusCode is 404 
[ERROR 2020-10-09 15:27:32]statusCode error, expected_code is 200, statusCode is 404 
[ERROR 2020-10-09 15:27:32]statusCode error, expected_code is 200, statusCode is 404 
[ERROR 2020-10-09 15:27:32]statusCode error, expected_code is 200, statusCode is 404 
[ERROR 2020-10-09 15:27:32]statusCode error, expected_code is 200, statusCode is 404 
[ERROR 2020-10-09 15:27:32]statusCode error, expected_code is 200, statusCode is 404 
[ERROR 2020-10-09 15:27:33]statusCode error, expected_code is 200, statusCode is 404 
[ERROR 2020-10-09 15:27:33]statusCode error, expected_code is 200, statusCode is 404 
[ERROR 2020-10-09 15:27:34]statusCode error, expected_code is 200, statusCode is 404 
[ERROR 2020-10-09 15:27:34]statusCode error, expected_code is 200, statusCode is 404 
[ERROR 2020-10-09 15:27:34]statusCode error, expected_code is 200, statusCode is 404 
[ERROR 2020-10-09 15:27:35]statusCode error, expected_code is 200, statusCode is 404 
[ERROR 2020-10-09 15:27:35]statusCode error, expected_code is 200, statusCode is 404 
[ERROR 2020-10-09 15:27:36]statusCode error, expected_code is 200, statusCode is 404 
[ERROR 2020-10-09 15:27:36]statusCode error, expected_code is 200, statusCode is 404 
[ERROR 2020-10-09 15:27:36]statusCode error, expected_code is 200, statusCode is 404 
[ERROR 2020-10-09 15:27:37]statusCode error, expected_code is 200, statusCode is 404 
[ERROR 2020-10-09 15:27:37]statusCode error, expected_code is 200, statusCode is 404 
[ERROR 2020-10-09 15:27:37]statusCode error, expected_code is 200, statusCode is 404 
[ERROR 2020-10-09 15:27:37]statusCode error, expected_code is 200, statusCode is 404 
[ERROR 2020-10-09 15:27:38]statusCode error, expected_code is 200, statusCode is 404 
[ERROR 2020-10-09 15:27:38]statusCode error, expected_code is 200, statusCode is 404 
[ERROR 2020-10-09 15:27:38]statusCode error, expected_code is 200, statusCode is 404 
[ERROR 2020-10-09 15:27:39]statusCode error, expected_code is 200, statusCode is 404 
[ERROR 2020-10-09 15:27:39]statusCode error, expected_code is 200, statusCode is 404 
[ERROR 2020-10-09 15:27:40]statusCode error, expected_code is 200, statusCode is 404 
[ERROR 2020-10-09 15:27:40]statusCode error, expected_code is 200, statusCode is 404 
[ERROR 2020-10-09 15:27:40]statusCode error, expected_code is 200, statusCode is 404 
[ERROR 2020-10-09 15:27:40]statusCode error, expected_code is 200, statusCode is 404 
[ERROR 2020-10-09 15:27:40]statusCode error, expected_code is 200, statusCode is 404 
[ERROR 2020-10-09 15:27:41]statusCode error, expected_code is 200, statusCode is 404 
[ERROR 2020-10-09 15:27:41]statusCode error, expected_code is 200, statusCode is 404 
[ERROR 2020-10-09 15:27:42]statusCode error, expected_code is 200, statusCode is 404 
[ERROR 2020-10-09 15:27:42]statusCode error, expected_code is 200, statusCode is 404 
[ERROR 2020-10-09 15:27:42]statusCode error, expected_code is 200, statusCode is 404 
[ERROR 2020-10-09 15:27:42]statusCode error, expected_code is 200, statusCode is 404 
[ERROR 2020-10-09 15:27:42]statusCode error, expected_code is 200, statusCode is 404 
[ERROR 2020-10-09 15:27:44]statusCode error, expected_code is 200, statusCode is 404 
[ERROR 2020-10-09 15:27:44]statusCode error, expected_code is 200, statusCode is 404 
[ERROR 2020-10-09 15:27:44]statusCode error, expected_code is 200, statusCode is 404 
[ERROR 2020-10-09 15:27:46]statusCode error, expected_code is 200, statusCode is 404 
[ERROR 2020-10-09 15:27:46]statusCode error, expected_code is 200, statusCode is 404 
[ERROR 2020-10-09 15:27:47]statusCode error, expected_code is 200, statusCode is 404 
[ERROR 2020-10-09 15:29:35]Response body Does not contain expected_msg, expected_msg is release_user
[ERROR 2020-10-09 15:29:36]Response body Does not contain expected_msg, expected_msg is release_user
[ERROR 2020-10-09 15:29:37]Response body Does not contain expected_msg, expected_msg is code": 0
[ERROR 2020-10-09 15:29:37]Response body Does not contain expected_msg, expected_msg is code": 0
[ERROR 2020-10-09 15:29:40]Response body Does not contain expected_msg, expected_msg is e8543fcb5045f487127fb38d4c26f694
[ERROR 2020-10-09 15:29:42]Response body Does not contain expected_msg, expected_msg is isSupport": "Y
[ERROR 2020-10-09 15:29:46]Response body Does not contain expected_msg, expected_msg is code": 0
[ERROR 2020-10-09 15:29:49]Response body Does not contain expected_msg, expected_msg is 成都
[ERROR 2020-10-09 15:29:50]Response body Does not contain expected_msg, expected_msg is 成都
[ERROR 2020-10-09 15:29:52]Response body Does not contain expected_msg, expected_msg is 游客02496364
[ERROR 2020-10-09 15:30:52]Response body Does not contain expected_msg, expected_msg is release_user
[ERROR 2020-10-09 15:30:53]Response body Does not contain expected_msg, expected_msg is release_user
[ERROR 2020-10-09 15:30:53]Response body Does not contain expected_msg, expected_msg is code": 0
[ERROR 2020-10-09 15:30:54]Response body Does not contain expected_msg, expected_msg is code": 0
[ERROR 2020-10-09 15:30:57]Response body Does not contain expected_msg, expected_msg is e8543fcb5045f487127fb38d4c26f694
[ERROR 2020-10-09 15:30:59]Response body Does not contain expected_msg, expected_msg is isSupport": "Y
[ERROR 2020-10-09 15:31:03]Response body Does not contain expected_msg, expected_msg is code": 0
[ERROR 2020-10-09 15:31:04]Response body Does not contain expected_msg, expected_msg is 成都
[ERROR 2020-10-09 15:31:05]Response body Does not contain expected_msg, expected_msg is 成都
[ERROR 2020-10-09 15:31:07]Response body Does not contain expected_msg, expected_msg is 游客02496364
[ERROR 2020-10-09 15:34:40]Response body Does not contain expected_msg, expected_msg is release_user
[ERROR 2020-10-09 15:34:41]Response body Does not contain expected_msg, expected_msg is release_user
[ERROR 2020-10-09 15:34:42]Response body Does not contain expected_msg, expected_msg is code": 0
[ERROR 2020-10-09 15:34:42]Response body Does not contain expected_msg, expected_msg is code": 0
[ERROR 2020-10-09 15:34:45]Response body Does not contain expected_msg, expected_msg is e8543fcb5045f487127fb38d4c26f694
[ERROR 2020-10-09 15:34:47]Response body Does not contain expected_msg, expected_msg is isSupport": "Y
[ERROR 2020-10-09 15:34:51]Response body Does not contain expected_msg, expected_msg is code": 0
[ERROR 2020-10-09 15:34:53]Response body Does not contain expected_msg, expected_msg is 成都
[ERROR 2020-10-09 15:34:53]Response body Does not contain expected_msg, expected_msg is 成都
[ERROR 2020-10-09 15:34:55]Response body Does not contain expected_msg, expected_msg is 游客02496364
[ERROR 2020-10-09 15:48:24]Response body Does not contain expected_msg, expected_msg is 15828022852
[ERROR 2020-10-09 15:54:16]Response body Does not contain expected_msg, expected_msg is 15828022852
[ERROR 2020-10-09 15:57:25]Response body Does not contain expected_msg, expected_msg is 15828022852
[ERROR 2020-10-09 15:57:50]Response body Does not contain expected_msg, expected_msg is 15828022852
[ERROR 2020-10-09 16:02:05]Response body Does not contain expected_msg, expected_msg is isSupport": "Y
[ERROR 2020-10-09 16:27:29]Response body Does not contain expected_msg, expected_msg is isSupport": "Y
[ERROR 2020-10-09 16:44:07]Response body Does not contain expected_msg, expected_msg is isSupport": "Y
[ERROR 2020-10-09 16:49:55]Response body Does not contain expected_msg, expected_msg is isSupport": "Y
[ERROR 2020-10-10 17:02:52]Response body Does not contain expected_msg, expected_msg is 我不帅
[ERROR 2020-10-12 13:49:49]Response body Does not contain expected_msg, expected_msg is code": 0
[ERROR 2020-10-12 13:54:03]Response body Does not contain expected_msg, expected_msg is code": 0
[ERROR 2020-10-12 15:15:34]get param fail
[ERROR 2020-10-12 15:15:35]get param fail
[ERROR 2020-10-12 15:50:07]Response body Does not contain expected_msg, expected_msg is 用户ID不能为空
[ERROR 2020-10-12 16:09:00]Response body Does not contain expected_msg, expected_msg is 用户ID不能为空
[ERROR 2020-10-12 16:17:05]Response body Does not contain expected_msg, expected_msg is 用户ID不能为空
[ERROR 2020-10-12 16:18:49]Response body Does not contain expected_msg, expected_msg is 用户ID不能为空
[ERROR 2020-10-12 16:53:00]Response body Does not contain expected_msg, expected_msg is isReceive": "Y
[ERROR 2020-10-12 16:53:00]Response body Does not contain expected_msg, expected_msg is isReceive": "Y
[ERROR 2020-10-12 16:53:00]Response body Does not contain expected_msg, expected_msg is isReceive": "Y
[ERROR 2020-10-12 17:28:22]Response body Does not contain expected_msg, expected_msg is isReceive": "Y
[ERROR 2020-10-12 17:28:28]Response body Does not contain expected_msg, expected_msg is isReceive": "Y
[ERROR 2020-10-12 18:50:11]Response body Does not contain expected_msg, expected_msg is 15828022852
[ERROR 2020-10-12 18:50:12]Response body Does not contain expected_msg, expected_msg is 15828022852
[ERROR 2020-10-12 18:50:12]Response body Does not contain expected_msg, expected_msg is code": 0
[ERROR 2020-10-12 18:50:13]Response body Does not contain expected_msg, expected_msg is code": 0
[ERROR 2020-10-12 18:50:16]Response body Does not contain expected_msg, expected_msg is e8543fcb5045f487127fb38d4c26f694
[ERROR 2020-10-12 18:50:22]Response body Does not contain expected_msg, expected_msg is code": 0
[ERROR 2020-10-12 18:50:23]Response body Does not contain expected_msg, expected_msg is 成都
[ERROR 2020-10-12 18:50:24]Response body Does not contain expected_msg, expected_msg is 成都
[ERROR 2020-10-12 18:50:25]Response body Does not contain expected_msg, expected_msg is 我不帅
[ERROR 2020-10-12 18:50:26]Response body Does not contain expected_msg, expected_msg is 我不帅
[ERROR 2020-10-12 18:50:28]Response body Does not contain expected_msg, expected_msg is 我不帅
[ERROR 2020-10-12 23:22:19]Response body Does not contain expected_msg, expected_msg is 睿健Smarto显齿蛇葡萄叶固体饮料 
[ERROR 2020-10-12 23:23:18]Response body Does not contain expected_msg, expected_msg is 睿健Smarto显齿蛇葡萄叶固体饮料 
[ERROR 2020-10-12 23:27:36]Response body Does not contain expected_msg, expected_msg is cart_count": 0
[ERROR 2020-10-12 23:28:34]Response body Does not contain expected_msg, expected_msg is cart_count": 0
[ERROR 2020-10-12 23:35:23]Response body Does not contain expected_msg, expected_msg is cart_count": 0
[ERROR 2020-10-13 08:51:27]Response body Does not contain expected_msg, expected_msg is cart_count": 0
[ERROR 2020-10-13 16:27:26]Response body Does not contain expected_msg, expected_msg is cart_count": 0
[ERROR 2020-10-13 16:55:10]Response body Does not contain expected_msg, expected_msg is status": 200
[ERROR 2020-10-14 15:50:40]Response body Does not contain expected_msg, expected_msg is 获取成功
[ERROR 2020-10-14 17:12:19]Response body Does not contain expected_msg, expected_msg is 获取成功
[ERROR 2020-10-14 17:16:23]get param fail
[ERROR 2020-10-14 17:17:57]get param fail
[ERROR 2020-10-14 17:21:23]get param fail
[ERROR 2020-10-19 14:54:40]Response body Does not contain expected_msg, expected_msg is code": 0
[ERROR 2020-10-19 15:03:23]Response body Does not contain expected_msg, expected_msg is code": 0
[ERROR 2020-10-19 15:03:59]Response body Does not contain expected_msg, expected_msg is code": 0
[ERROR 2020-10-19 15:06:02]Response body Does not contain expected_msg, expected_msg is code": 0
[ERROR 2020-10-19 15:10:36]Response body Does not contain expected_msg, expected_msg is code": 0
[ERROR 2020-10-19 15:11:28]Response body Does not contain expected_msg, expected_msg is code": 0
[ERROR 2020-10-19 15:26:37]Response body Does not contain expected_msg, expected_msg is code": 0
[ERROR 2020-10-19 16:12:50]Response body Does not contain expected_msg, expected_msg is accessToken
[ERROR 2020-10-19 16:19:58]Response body Does not contain expected_msg, expected_msg is code": 0
[ERROR 2020-10-19 16:58:23]get param fail
[ERROR 2020-10-19 16:58:23]Response body Does not contain expected_msg, expected_msg is 手机号不能为空
[ERROR 2020-10-19 16:58:24]Response body Does not contain expected_msg, expected_msg is code": 0
[ERROR 2020-10-19 16:58:25]Response body Does not contain expected_msg, expected_msg is accessToken
[ERROR 2020-10-19 16:58:33]Response body Does not contain expected_msg, expected_msg is isSupport": "Y
[ERROR 2020-10-19 18:40:39]get param fail
[ERROR 2020-10-19 18:40:40]Response body Does not contain expected_msg, expected_msg is 手机号不能为空
[ERROR 2020-10-19 18:40:40]Response body Does not contain expected_msg, expected_msg is code": 0
[ERROR 2020-10-19 18:40:40]Response body Does not contain expected_msg, expected_msg is 验证码一分钟内不能重复获取
[ERROR 2020-10-19 18:40:41]Response body Does not contain expected_msg, expected_msg is accessToken
[ERROR 2020-10-19 18:40:43]Response body Does not contain expected_msg, expected_msg is 15828022852
[ERROR 2020-10-19 18:40:44]Response body Does not contain expected_msg, expected_msg is 15828022852
[ERROR 2020-10-19 18:40:44]Response body Does not contain expected_msg, expected_msg is code": 0
[ERROR 2020-10-19 18:40:45]Response body Does not contain expected_msg, expected_msg is code": 0
[ERROR 2020-10-19 18:40:47]Response body Does not contain expected_msg, expected_msg is e8543fcb5045f487127fb38d4c26f694
[ERROR 2020-10-19 18:40:49]Response body Does not contain expected_msg, expected_msg is isSupport": "Y
[ERROR 2020-10-19 18:40:50]Response body Does not contain expected_msg, expected_msg is isSupport": "Y
[ERROR 2020-10-19 18:40:54]Response body Does not contain expected_msg, expected_msg is code": 0
[ERROR 2020-10-19 18:40:56]Response body Does not contain expected_msg, expected_msg is 成都
[ERROR 2020-10-19 18:40:56]Response body Does not contain expected_msg, expected_msg is 成都
[ERROR 2020-10-19 18:41:05]Response body Does not contain expected_msg, expected_msg is cart_count": 0
[ERROR 2020-10-19 18:41:06]Response body Does not contain expected_msg, expected_msg is 我不帅
[ERROR 2020-10-19 18:45:30]Response body Does not contain expected_msg, expected_msg is code": 0
[ERROR 2020-10-19 18:45:30]Response body Does not contain expected_msg, expected_msg is 验证码一分钟内不能重复获取
[ERROR 2020-10-19 18:45:31]Response body Does not contain expected_msg, expected_msg is accessToken
[ERROR 2020-10-19 18:45:32]Response body Does not contain expected_msg, expected_msg is 15828022852
[ERROR 2020-10-19 18:45:33]Response body Does not contain expected_msg, expected_msg is 15828022852
[ERROR 2020-10-19 18:45:34]Response body Does not contain expected_msg, expected_msg is code": 0
[ERROR 2020-10-19 18:45:34]Response body Does not contain expected_msg, expected_msg is code": 0
[ERROR 2020-10-19 18:45:37]Response body Does not contain expected_msg, expected_msg is e8543fcb5045f487127fb38d4c26f694
[ERROR 2020-10-19 18:45:39]Response body Does not contain expected_msg, expected_msg is isSupport": "Y
[ERROR 2020-10-19 18:45:39]Response body Does not contain expected_msg, expected_msg is isSupport": "Y
[ERROR 2020-10-19 18:45:44]Response body Does not contain expected_msg, expected_msg is code": 0
[ERROR 2020-10-19 18:45:45]Response body Does not contain expected_msg, expected_msg is 成都
[ERROR 2020-10-19 18:45:46]Response body Does not contain expected_msg, expected_msg is 成都
[ERROR 2020-10-19 18:45:53]Response body Does not contain expected_msg, expected_msg is cart_count": 0
[ERROR 2020-10-19 18:45:54]Response body Does not contain expected_msg, expected_msg is 我不帅
[ERROR 2020-10-19 18:47:02]Response body Does not contain expected_msg, expected_msg is code": 0
[ERROR 2020-10-19 18:47:02]Response body Does not contain expected_msg, expected_msg is 验证码一分钟内不能重复获取
[ERROR 2020-10-19 18:47:03]Response body Does not contain expected_msg, expected_msg is accessToken
[ERROR 2020-10-19 18:47:05]Response body Does not contain expected_msg, expected_msg is 15828022852
[ERROR 2020-10-19 18:47:05]Response body Does not contain expected_msg, expected_msg is 15828022852
[ERROR 2020-10-19 18:49:41]Response body Does not contain expected_msg, expected_msg is 手机号不能为空
[ERROR 2020-10-20 08:50:06]Response body Does not contain expected_msg, expected_msg is code": 0
[ERROR 2020-10-20 08:50:06]Response body Does not contain expected_msg, expected_msg is 验证码一分钟内不能重复获取
[ERROR 2020-10-20 08:50:09]Response body Does not contain expected_msg, expected_msg is accessToken
[ERROR 2020-10-20 08:50:12]Response body Does not contain expected_msg, expected_msg is 15828022852
[ERROR 2020-10-20 08:50:15]Response body Does not contain expected_msg, expected_msg is 15828022852
[ERROR 2020-10-20 08:50:17]Response body Does not contain expected_msg, expected_msg is code": 0
[ERROR 2020-10-20 08:50:23]Response body Does not contain expected_msg, expected_msg is e8543fcb5045f487127fb38d4c26f694
[ERROR 2020-10-20 08:50:26]Response body Does not contain expected_msg, expected_msg is isSupport": "Y
[ERROR 2020-10-20 08:50:27]Response body Does not contain expected_msg, expected_msg is isSupport": "Y
[ERROR 2020-10-20 08:51:00]Response body Does not contain expected_msg, expected_msg is cart_count": 0
[ERROR 2020-10-20 08:51:01]Response body Does not contain expected_msg, expected_msg is 我不帅
[ERROR 2020-10-20 09:15:33]Response body Does not contain expected_msg, expected_msg is code": 0
[ERROR 2020-10-20 09:15:33]Response body Does not contain expected_msg, expected_msg is 验证码一分钟内不能重复获取
[ERROR 2020-10-20 09:15:37]Response body Does not contain expected_msg, expected_msg is accessToken
[ERROR 2020-10-20 09:15:42]Response body Does not contain expected_msg, expected_msg is 15828022852
[ERROR 2020-10-20 09:15:46]Response body Does not contain expected_msg, expected_msg is 15828022852
[ERROR 2020-10-20 09:15:47]Response body Does not contain expected_msg, expected_msg is code": 0
[ERROR 2020-10-20 09:15:48]Response body Does not contain expected_msg, expected_msg is code": 0
[ERROR 2020-10-20 09:15:57]Response body Does not contain expected_msg, expected_msg is e8543fcb5045f487127fb38d4c26f694
[ERROR 2020-10-20 09:16:03]Response body Does not contain expected_msg, expected_msg is isSupport": "Y
[ERROR 2020-10-20 09:16:03]Response body Does not contain expected_msg, expected_msg is isSupport": "Y
[ERROR 2020-10-20 09:16:21]Response body Does not contain expected_msg, expected_msg is code": 0
[ERROR 2020-10-20 09:16:26]Response body Does not contain expected_msg, expected_msg is 成都
[ERROR 2020-10-20 09:16:28]Response body Does not contain expected_msg, expected_msg is 成都
[ERROR 2020-10-20 09:16:52]Response body Does not contain expected_msg, expected_msg is cart_count": 0
[ERROR 2020-10-20 09:16:54]Response body Does not contain expected_msg, expected_msg is 我不帅
[ERROR 2020-10-20 09:50:51]Response body Does not contain expected_msg, expected_msg is 18180734223
[ERROR 2020-10-20 09:51:18]Response body Does not contain expected_msg, expected_msg is isSupport": "Y
[ERROR 2020-10-20 09:51:18]Response body Does not contain expected_msg, expected_msg is isSupport": "Y
[ERROR 2020-10-20 09:52:05]Response body Does not contain expected_msg, expected_msg is 陈幺妹
[ERROR 2020-10-20 09:52:10]Response body Does not contain expected_msg, expected_msg is 陈幺妹
[ERROR 2020-10-20 09:52:32]Response body Does not contain expected_msg, expected_msg is cart_count": 0
[ERROR 2020-10-20 15:03:31]Response body Does not contain expected_msg, expected_msg is isSupport": "Y
[ERROR 2020-10-20 15:03:32]Response body Does not contain expected_msg, expected_msg is isSupport": "Y
[ERROR 2020-10-20 15:04:24]Response body Does not contain expected_msg, expected_msg is cart_count": 0
[ERROR 2020-10-20 17:24:30]Response body Does not contain expected_msg, expected_msg is accessToken
[ERROR 2020-10-20 17:31:45]Response body Does not contain expected_msg, expected_msg is accessToken
[ERROR 2020-10-20 17:33:16]Response body Does not contain expected_msg, expected_msg is accessToken
[ERROR 2020-10-20 17:47:28]Response body Does not contain expected_msg, expected_msg is isSupport": "Y
[ERROR 2020-10-20 17:48:18]Response body Does not contain expected_msg, expected_msg is isSupport": "Y
[ERROR 2020-10-20 18:50:52]Response body Does not contain expected_msg, expected_msg is isSupport": "Y
[ERROR 2020-10-20 18:51:46]Response body Does not contain expected_msg, expected_msg is cart_count": 0
[ERROR 2020-10-21 10:24:33]Response body Does not contain expected_msg, expected_msg is score_count": 0
[ERROR 2020-10-21 10:29:04]Response body Does not contain expected_msg, expected_msg is isSupport": "Y
[ERROR 2020-10-21 16:21:56]Response body Does not contain expected_msg, expected_msg is 报修ID为空
[ERROR 2020-10-21 16:21:57]Response body Does not contain expected_msg, expected_msg is code": 0
[ERROR 2020-10-21 16:36:38]Response body Does not contain expected_msg, expected_msg is 报修ID为空
[ERROR 2020-10-21 16:36:38]Response body Does not contain expected_msg, expected_msg is code": 0
[ERROR 2020-10-21 16:42:19]Response body Does not contain expected_msg, expected_msg is 报修ID为空
[ERROR 2020-10-21 16:42:19]Response body Does not contain expected_msg, expected_msg is code": 0
[ERROR 2020-10-21 16:45:24]Response body Does not contain expected_msg, expected_msg is 报修ID为空
[ERROR 2020-10-21 16:45:24]Response body Does not contain expected_msg, expected_msg is code": 0
[ERROR 2020-10-21 16:55:04]Response body Does not contain expected_msg, expected_msg is 报修ID为空
[ERROR 2020-10-21 16:55:05]Response body Does not contain expected_msg, expected_msg is code": 0
[ERROR 2020-10-21 16:55:48]Response body Does not contain expected_msg, expected_msg is code": 0
[ERROR 2020-10-21 17:14:48]Response body Does not contain expected_msg, expected_msg is 报修ID为空
[ERROR 2020-10-21 17:14:48]Response body Does not contain expected_msg, expected_msg is 用户ID参数为空
[ERROR 2020-10-21 17:14:48]Response body Does not contain expected_msg, expected_msg is code": 0
[ERROR 2020-10-21 17:15:12]Response body Does not contain expected_msg, expected_msg is 报修ID为空
[ERROR 2020-10-21 17:15:14]Response body Does not contain expected_msg, expected_msg is code": 0
[ERROR 2020-10-21 17:16:49]Response body Does not contain expected_msg, expected_msg is 报修ID为空
[ERROR 2020-10-21 17:16:50]Response body Does not contain expected_msg, expected_msg is code": 0
[ERROR 2020-10-21 17:22:49]Response body Does not contain expected_msg, expected_msg is 报修ID为空
[ERROR 2020-10-21 17:22:50]Response body Does not contain expected_msg, expected_msg is code": 0
[ERROR 2020-10-21 17:29:38]Response body Does not contain expected_msg, expected_msg is 当前状态，不能取消工单
[ERROR 2020-10-21 17:29:39]Response body Does not contain expected_msg, expected_msg is code": 0
